{
  "RSpec": {
    "coverage": {
      "/Users/armanjonvillalobos/Projects/rails_studio/flix/app/helpers/application_helper.rb": [
        1,
        null,
        null
      ],
      "/Users/armanjonvillalobos/Projects/rails_studio/flix/app/helpers/movies_helper.rb": [
        1,
        1,
        14,
        1,
        null,
        13,
        null,
        null,
        null,
        1,
        14,
        2,
        null,
        12,
        null,
        null,
        null,
        1,
        14,
        14,
        null,
        0,
        null,
        null,
        null
      ],
      "/Users/armanjonvillalobos/Projects/rails_studio/flix/app/helpers/reviews_helper.rb": [
        1,
        null
      ],
      "/Users/armanjonvillalobos/Projects/rails_studio/flix/app/helpers/sessions_helper.rb": [
        1,
        null
      ],
      "/Users/armanjonvillalobos/Projects/rails_studio/flix/app/helpers/users_helper.rb": [
        1,
        1,
        14,
        null,
        null,
        1,
        14,
        14,
        null,
        null
      ],
      "/Users/armanjonvillalobos/Projects/rails_studio/flix/spec/support/attributes.rb": [
        1,
        null,
        null,
        null,
        null,
        null,
        null,
        null,
        null,
        null,
        null,
        null,
        null,
        null,
        null,
        null,
        22,
        null,
        null,
        1,
        null,
        null,
        null,
        null,
        8,
        null,
        null,
        1,
        null,
        null,
        null,
        null,
        null,
        null,
        19,
        null
      ],
      "/Users/armanjonvillalobos/Projects/rails_studio/flix/spec/support/authentication.rb": [
        1,
        7,
        7,
        7,
        7,
        null
      ],
      "/Users/armanjonvillalobos/Projects/rails_studio/flix/spec/controllers/users_controller_spec.rb": [
        1,
        1,
        5,
        null,
        null,
        1,
        1,
        5,
        null,
        null,
        1,
        1,
        1,
        null,
        null,
        1,
        1,
        1,
        null,
        null,
        1,
        1,
        1,
        null,
        null,
        1,
        1,
        1,
        null,
        null,
        1,
        1,
        1,
        null,
        null,
        null
      ],
      "/Users/armanjonvillalobos/Projects/rails_studio/flix/app/controllers/users_controller.rb": [
        1,
        1,
        null,
        1,
        1,
        null,
        null,
        1,
        2,
        null,
        null,
        1,
        2,
        2,
        1,
        1,
        null,
        1,
        null,
        null,
        null,
        1,
        14,
        null,
        null,
        1,
        2,
        null,
        null,
        1,
        2,
        2,
        1,
        null,
        1,
        null,
        null,
        null,
        1,
        2,
        2,
        2,
        2,
        null,
        null,
        null,
        1,
        null,
        1,
        4,
        null,
        null
      ],
      "/Users/armanjonvillalobos/Projects/rails_studio/flix/app/controllers/application_controller.rb": [
        1,
        null,
        null,
        1,
        null,
        1,
        null,
        1,
        28,
        7,
        null,
        null,
        null,
        1,
        147,
        null,
        1,
        null
      ],
      "/Users/armanjonvillalobos/Projects/rails_studio/flix/spec/features/create_movie_spec.rb": [
        1,
        1,
        1,
        null,
        1,
        null,
        1,
        null,
        1,
        1,
        1,
        1,
        1,
        1,
        1,
        1,
        1,
        null,
        1,
        1,
        1,
        1,
        null,
        null,
        1,
        1,
        null,
        1,
        1,
        null,
        null,
        1,
        1,
        null,
        null
      ],
      "/Users/armanjonvillalobos/Projects/rails_studio/flix/spec/features/create_review_spec.rb": [
        1,
        1,
        1,
        null,
        1,
        null,
        1,
        null,
        1,
        1,
        1,
        null,
        1,
        null,
        1,
        1,
        null,
        null,
        1,
        1,
        null,
        1,
        null,
        1,
        1,
        null,
        null,
        1,
        null,
        null
      ],
      "/Users/armanjonvillalobos/Projects/rails_studio/flix/spec/features/create_user_spec.rb": [
        1,
        1,
        1,
        null,
        1,
        null,
        1,
        null,
        1,
        1,
        1,
        1,
        1,
        1,
        null,
        1,
        1,
        1,
        1,
        1,
        null,
        null,
        1,
        1,
        null,
        1,
        1,
        null,
        null,
        1,
        null,
        null,
        null
      ],
      "/Users/armanjonvillalobos/Projects/rails_studio/flix/spec/features/delete_movie_spec.rb": [
        1,
        1,
        1,
        null,
        1,
        1,
        null,
        1,
        1,
        1,
        null,
        null
      ],
      "/Users/armanjonvillalobos/Projects/rails_studio/flix/spec/features/delete_user_spec.rb": [
        1,
        1,
        1,
        null,
        1,
        1,
        null,
        1,
        null,
        1,
        null,
        null,
        1,
        1,
        null,
        1,
        1,
        null,
        1,
        null,
        1,
        1,
        null,
        null
      ],
      "/Users/armanjonvillalobos/Projects/rails_studio/flix/spec/features/edit_movie_spec.rb": [
        1,
        null,
        1,
        1,
        null,
        1,
        1,
        null,
        1,
        1,
        null,
        1,
        null,
        1,
        null,
        1,
        1,
        1,
        null,
        null,
        1,
        1,
        null,
        1,
        null,
        1,
        1,
        null,
        1,
        null,
        null,
        null
      ],
      "/Users/armanjonvillalobos/Projects/rails_studio/flix/spec/features/edit_user_spec.rb": [
        1,
        null,
        1,
        1,
        null,
        1,
        1,
        1,
        null,
        1,
        1,
        null,
        1,
        null,
        1,
        null,
        1,
        1,
        1,
        null,
        null,
        1,
        1,
        null,
        1,
        1,
        null,
        1,
        1,
        null,
        1,
        null,
        null
      ],
      "/Users/armanjonvillalobos/Projects/rails_studio/flix/spec/features/list_movies_spec.rb": [
        1,
        1,
        null,
        1,
        null,
        null,
        null,
        null,
        null,
        null,
        null,
        null,
        1,
        null,
        null,
        null,
        null,
        null,
        null,
        null,
        null,
        1,
        null,
        1,
        1,
        null,
        1,
        1,
        1,
        null,
        null,
        1,
        1,
        null,
        1,
        null,
        1,
        null,
        null,
        null
      ],
      "/Users/armanjonvillalobos/Projects/rails_studio/flix/spec/features/list_review_spec.rb": [
        1,
        null,
        1,
        1,
        1,
        1,
        null,
        1,
        1,
        null,
        1,
        null,
        1,
        1,
        1,
        null,
        null
      ],
      "/Users/armanjonvillalobos/Projects/rails_studio/flix/spec/features/list_user_spec.rb": [
        1,
        1,
        1,
        null,
        1,
        null,
        1,
        null,
        null,
        1,
        null,
        1,
        null,
        1,
        1,
        1,
        null,
        null
      ],
      "/Users/armanjonvillalobos/Projects/rails_studio/flix/spec/features/navigate_movies_spec.rb": [
        1,
        1,
        1,
        null,
        1,
        1,
        null,
        1,
        null,
        null,
        1,
        1,
        null,
        1,
        1,
        null,
        1,
        null,
        null,
        null
      ],
      "/Users/armanjonvillalobos/Projects/rails_studio/flix/spec/features/show_movie_spec.rb": [
        1,
        1,
        1,
        null,
        1,
        null,
        1,
        1,
        1,
        1,
        1,
        1,
        1,
        1,
        null,
        null,
        1,
        1,
        null,
        1,
        null,
        1,
        null,
        null,
        1,
        1,
        null,
        1,
        null,
        1,
        null,
        null
      ],
      "/Users/armanjonvillalobos/Projects/rails_studio/flix/spec/features/show_user_spec.rb": [
        1,
        1,
        1,
        null,
        1,
        null,
        1,
        null,
        1,
        1,
        null,
        null
      ],
      "/Users/armanjonvillalobos/Projects/rails_studio/flix/spec/features/sign_in_spec.rb": [
        1,
        1,
        1,
        null,
        1,
        null,
        1,
        null,
        1,
        1,
        null,
        null,
        1,
        1,
        null,
        1,
        null,
        1,
        null,
        1,
        null,
        1,
        1,
        1,
        null,
        1,
        1,
        1,
        1,
        1,
        1,
        null,
        null,
        1,
        1,
        null,
        1,
        null,
        1,
        null,
        1,
        null,
        1,
        1,
        1,
        null,
        1,
        1,
        1,
        1,
        1,
        null,
        null
      ],
      "/Users/armanjonvillalobos/Projects/rails_studio/flix/spec/features/sign_out_spec.rb": [
        1,
        1,
        1,
        null,
        1,
        null,
        1,
        null,
        1,
        1,
        1,
        null,
        null
      ],
      "/Users/armanjonvillalobos/Projects/rails_studio/flix/spec/models/movie_spec.rb": [
        1,
        1,
        1,
        null,
        1,
        null,
        null,
        1,
        1,
        null,
        1,
        null,
        null,
        1,
        1,
        1,
        null,
        null,
        1,
        1,
        1,
        null,
        null,
        1,
        1,
        1,
        1,
        null,
        1,
        null,
        null,
        1,
        1,
        1,
        1,
        null,
        null,
        1,
        1,
        1,
        1,
        null,
        null,
        1,
        1,
        1,
        1,
        null,
        null,
        1,
        1,
        1,
        1,
        null,
        null,
        1,
        1,
        1,
        1,
        null,
        null,
        1,
        1,
        1,
        1,
        null,
        null,
        1,
        1,
        1,
        1,
        null,
        null,
        1,
        1,
        1,
        1,
        null,
        null,
        1,
        1,
        1,
        5,
        5,
        5,
        null,
        null,
        null,
        1,
        1,
        1,
        6,
        6,
        6,
        null,
        null,
        null,
        1,
        1,
        1,
        5,
        5,
        5,
        null,
        null,
        null,
        1,
        1,
        1,
        4,
        4,
        4,
        null,
        null,
        null,
        1,
        1,
        1,
        1,
        null,
        null,
        1,
        1,
        null,
        1,
        1,
        null,
        1,
        1,
        null,
        null,
        1,
        1,
        1,
        null,
        1,
        1,
        null,
        null,
        null,
        null
      ],
      "/Users/armanjonvillalobos/Projects/rails_studio/flix/spec/models/review_spec.rb": [
        1,
        null,
        1,
        1,
        1,
        1,
        null,
        null,
        1,
        1,
        1,
        null,
        null,
        1,
        1,
        1,
        1,
        null,
        null,
        1,
        1,
        1,
        1,
        null,
        null,
        1,
        1,
        1,
        1,
        null,
        null,
        1,
        1,
        1,
        5,
        5,
        null,
        null,
        null,
        1,
        1,
        1,
        3,
        3,
        null,
        3,
        3,
        null,
        null,
        null
      ],
      "/Users/armanjonvillalobos/Projects/rails_studio/flix/spec/models/user_spec.rb": [
        1,
        null,
        1,
        1,
        1,
        1,
        null,
        null,
        1,
        1,
        1,
        1,
        null,
        null,
        1,
        1,
        1,
        2,
        2,
        2,
        null,
        null,
        null,
        1,
        1,
        1,
        3,
        3,
        3,
        null,
        null,
        null,
        1,
        1,
        1,
        1,
        null,
        1,
        null,
        null,
        1,
        1,
        1,
        null,
        null,
        1,
        1,
        1,
        1,
        null,
        null,
        1,
        1,
        1,
        1,
        null,
        null,
        1,
        1,
        1,
        1,
        null,
        null,
        1,
        1,
        1,
        null,
        null,
        1,
        1,
        1,
        1,
        null,
        null,
        1,
        1,
        1,
        null,
        null,
        1,
        1,
        1,
        1,
        null,
        null,
        1,
        1,
        1,
        3,
        3,
        3,
        null,
        null,
        null,
        1,
        1,
        1,
        2,
        2,
        2,
        null,
        null,
        null
      ],
      "/Users/armanjonvillalobos/Projects/rails_studio/flix/app/models/user.rb": [
        1,
        1,
        1,
        1,
        null,
        null,
        1,
        1,
        null,
        null,
        null,
        1,
        14,
        null,
        null,
        1,
        9,
        9,
        null,
        null
      ],
      "/Users/armanjonvillalobos/Projects/rails_studio/flix/app/controllers/sessions_controller.rb": [
        1,
        1,
        null,
        null,
        1,
        9,
        8,
        8,
        8,
        null,
        1,
        1,
        null,
        null,
        null,
        1,
        1,
        1,
        1,
        null,
        null
      ],
      "/Users/armanjonvillalobos/Projects/rails_studio/flix/app/controllers/movies_controller.rb": [
        1,
        1,
        11,
        null,
        null,
        1,
        2,
        null,
        null,
        1,
        10,
        10,
        null,
        null,
        1,
        2,
        null,
        null,
        1,
        2,
        2,
        1,
        null,
        1,
        null,
        null,
        null,
        1,
        2,
        2,
        1,
        null,
        1,
        null,
        null,
        null,
        1,
        1,
        1,
        1,
        null,
        null,
        null,
        1,
        null,
        1,
        4,
        null,
        null
      ],
      "/Users/armanjonvillalobos/Projects/rails_studio/flix/app/models/movie.rb": [
        1,
        1,
        1,
        1,
        1,
        null,
        null,
        null,
        1,
        1,
        null,
        1,
        null,
        1,
        16,
        2,
        null,
        14,
        null,
        null,
        null,
        1,
        14,
        null,
        null,
        1,
        14,
        null,
        null,
        1,
        10,
        null,
        null
      ],
      "/Users/armanjonvillalobos/Projects/rails_studio/flix/app/models/review.rb": [
        1,
        1,
        1,
        1,
        1,
        null,
        1,
        null
      ],
      "/Users/armanjonvillalobos/Projects/rails_studio/flix/app/controllers/reviews_controller.rb": [
        1,
        1,
        null,
        1,
        2,
        null,
        null,
        1,
        1,
        null,
        null,
        1,
        2,
        2,
        1,
        null,
        1,
        null,
        null,
        null,
        1,
        null,
        1,
        5,
        null,
        null,
        1,
        2,
        null,
        null
      ]
    },
    "timestamp": 1453040569
  }
}
